ERROR - 2022-07-10 11:21:43 --> Error connecting to the database: Access denied for user '****'@'localhost' (using password: YES)
CRITICAL - 2022-07-10 11:21:43 --> Unable to connect to the database.
Main connection [MySQLi]: Access denied for user '****'@'localhost' (using password: YES)
in SYSTEMPATH\Database\BaseConnection.php on line 416.
 1 SYSTEMPATH\Database\BaseConnection.php(586): CodeIgniter\Database\BaseConnection->initialize()
 2 SYSTEMPATH\Database\BaseBuilder.php(1585): CodeIgniter\Database\BaseConnection->query('SELECT *
FROM `users`
ORDER BY `id` DESC', [], false)
 3 SYSTEMPATH\Model.php(222): CodeIgniter\Database\BaseBuilder->get()
 4 SYSTEMPATH\BaseModel.php(584): CodeIgniter\Model->doFindAll(0, 0)
 5 APPPATH\Controllers\UserCrud.php(10): CodeIgniter\BaseModel->findAll()
 6 SYSTEMPATH\CodeIgniter.php(896): App\Controllers\UserCrud->index()
 7 SYSTEMPATH\CodeIgniter.php(466): CodeIgniter\CodeIgniter->runController(Object(App\Controllers\UserCrud))
 8 SYSTEMPATH\CodeIgniter.php(349): CodeIgniter\CodeIgniter->handleRequest(null, Object(Config\Cache), false)
 9 FCPATH\index.php(55): CodeIgniter\CodeIgniter->run()
ERROR - 2022-07-10 11:22:56 --> Unknown column 'id' in 'order clause'
CRITICAL - 2022-07-10 11:22:56 --> Call to a member function getResult() on bool
in SYSTEMPATH\Model.php on line 223.
 1 SYSTEMPATH\BaseModel.php(584): CodeIgniter\Model->doFindAll(0, 0)
 2 APPPATH\Controllers\UserCrud.php(10): CodeIgniter\BaseModel->findAll()
 3 SYSTEMPATH\CodeIgniter.php(896): App\Controllers\UserCrud->index()
 4 SYSTEMPATH\CodeIgniter.php(466): CodeIgniter\CodeIgniter->runController(Object(App\Controllers\UserCrud))
 5 SYSTEMPATH\CodeIgniter.php(349): CodeIgniter\CodeIgniter->handleRequest(null, Object(Config\Cache), false)
 6 FCPATH\index.php(55): CodeIgniter\CodeIgniter->run()
ERROR - 2022-07-10 11:25:42 --> Unknown column 'id' in 'order clause'
CRITICAL - 2022-07-10 11:25:42 --> Call to a member function getResult() on bool
in SYSTEMPATH\Model.php on line 223.
 1 SYSTEMPATH\BaseModel.php(584): CodeIgniter\Model->doFindAll(0, 0)
 2 APPPATH\Controllers\UserCrud.php(10): CodeIgniter\BaseModel->findAll()
 3 SYSTEMPATH\CodeIgniter.php(896): App\Controllers\UserCrud->index()
 4 SYSTEMPATH\CodeIgniter.php(466): CodeIgniter\CodeIgniter->runController(Object(App\Controllers\UserCrud))
 5 SYSTEMPATH\CodeIgniter.php(349): CodeIgniter\CodeIgniter->handleRequest(null, Object(Config\Cache), false)
 6 FCPATH\index.php(55): CodeIgniter\CodeIgniter->run()
ERROR - 2022-07-10 11:25:42 --> Unknown column 'id' in 'order clause'
CRITICAL - 2022-07-10 11:25:42 --> Call to a member function getResult() on bool
in SYSTEMPATH\Model.php on line 223.
 1 SYSTEMPATH\BaseModel.php(584): CodeIgniter\Model->doFindAll(0, 0)
 2 APPPATH\Controllers\UserCrud.php(10): CodeIgniter\BaseModel->findAll()
 3 SYSTEMPATH\CodeIgniter.php(896): App\Controllers\UserCrud->index()
 4 SYSTEMPATH\CodeIgniter.php(466): CodeIgniter\CodeIgniter->runController(Object(App\Controllers\UserCrud))
 5 SYSTEMPATH\CodeIgniter.php(349): CodeIgniter\CodeIgniter->handleRequest(null, Object(Config\Cache), false)
 6 FCPATH\index.php(55): CodeIgniter\CodeIgniter->run()
ERROR - 2022-07-10 11:25:44 --> Unknown column 'id' in 'order clause'
CRITICAL - 2022-07-10 11:25:44 --> Call to a member function getResult() on bool
in SYSTEMPATH\Model.php on line 223.
 1 SYSTEMPATH\BaseModel.php(584): CodeIgniter\Model->doFindAll(0, 0)
 2 APPPATH\Controllers\UserCrud.php(10): CodeIgniter\BaseModel->findAll()
 3 SYSTEMPATH\CodeIgniter.php(896): App\Controllers\UserCrud->index()
 4 SYSTEMPATH\CodeIgniter.php(466): CodeIgniter\CodeIgniter->runController(Object(App\Controllers\UserCrud))
 5 SYSTEMPATH\CodeIgniter.php(349): CodeIgniter\CodeIgniter->handleRequest(null, Object(Config\Cache), false)
 6 FCPATH\index.php(55): CodeIgniter\CodeIgniter->run()
ERROR - 2022-07-10 11:28:10 --> Unknown column 'id' in 'order clause'
CRITICAL - 2022-07-10 11:28:10 --> Call to a member function getResult() on bool
in SYSTEMPATH\Model.php on line 223.
 1 SYSTEMPATH\BaseModel.php(584): CodeIgniter\Model->doFindAll(0, 0)
 2 APPPATH\Controllers\UserCrud.php(10): CodeIgniter\BaseModel->findAll()
 3 SYSTEMPATH\CodeIgniter.php(896): App\Controllers\UserCrud->index()
 4 SYSTEMPATH\CodeIgniter.php(466): CodeIgniter\CodeIgniter->runController(Object(App\Controllers\UserCrud))
 5 SYSTEMPATH\CodeIgniter.php(349): CodeIgniter\CodeIgniter->handleRequest(null, Object(Config\Cache), false)
 6 FCPATH\index.php(55): CodeIgniter\CodeIgniter->run()
ERROR - 2022-07-10 11:28:53 --> Unknown column 'id' in 'order clause'
CRITICAL - 2022-07-10 11:28:53 --> Call to a member function getResult() on bool
in SYSTEMPATH\Model.php on line 223.
 1 SYSTEMPATH\BaseModel.php(584): CodeIgniter\Model->doFindAll(0, 0)
 2 APPPATH\Controllers\UserCrud.php(10): CodeIgniter\BaseModel->findAll()
 3 SYSTEMPATH\CodeIgniter.php(896): App\Controllers\UserCrud->index()
 4 SYSTEMPATH\CodeIgniter.php(466): CodeIgniter\CodeIgniter->runController(Object(App\Controllers\UserCrud))
 5 SYSTEMPATH\CodeIgniter.php(349): CodeIgniter\CodeIgniter->handleRequest(null, Object(Config\Cache), false)
 6 FCPATH\index.php(55): CodeIgniter\CodeIgniter->run()
ERROR - 2022-07-10 11:29:03 --> Unknown column 'id' in 'order clause'
CRITICAL - 2022-07-10 11:29:03 --> Call to a member function getResult() on bool
in SYSTEMPATH\Model.php on line 223.
 1 SYSTEMPATH\BaseModel.php(584): CodeIgniter\Model->doFindAll(0, 0)
 2 APPPATH\Controllers\UserCrud.php(10): CodeIgniter\BaseModel->findAll()
 3 SYSTEMPATH\CodeIgniter.php(896): App\Controllers\UserCrud->index()
 4 SYSTEMPATH\CodeIgniter.php(466): CodeIgniter\CodeIgniter->runController(Object(App\Controllers\UserCrud))
 5 SYSTEMPATH\CodeIgniter.php(349): CodeIgniter\CodeIgniter->handleRequest(null, Object(Config\Cache), false)
 6 FCPATH\index.php(55): CodeIgniter\CodeIgniter->run()
ERROR - 2022-07-10 11:30:33 --> Unknown column 'id' in 'order clause'
CRITICAL - 2022-07-10 11:30:33 --> Call to a member function getResult() on bool
in SYSTEMPATH\Model.php on line 223.
 1 SYSTEMPATH\BaseModel.php(584): CodeIgniter\Model->doFindAll(0, 0)
 2 APPPATH\Controllers\UserCrud.php(10): CodeIgniter\BaseModel->findAll()
 3 SYSTEMPATH\CodeIgniter.php(896): App\Controllers\UserCrud->index()
 4 SYSTEMPATH\CodeIgniter.php(466): CodeIgniter\CodeIgniter->runController(Object(App\Controllers\UserCrud))
 5 SYSTEMPATH\CodeIgniter.php(349): CodeIgniter\CodeIgniter->handleRequest(null, Object(Config\Cache), false)
 6 FCPATH\index.php(55): CodeIgniter\CodeIgniter->run()
ERROR - 2022-07-10 11:30:34 --> Unknown column 'id' in 'order clause'
CRITICAL - 2022-07-10 11:30:34 --> Call to a member function getResult() on bool
in SYSTEMPATH\Model.php on line 223.
 1 SYSTEMPATH\BaseModel.php(584): CodeIgniter\Model->doFindAll(0, 0)
 2 APPPATH\Controllers\UserCrud.php(10): CodeIgniter\BaseModel->findAll()
 3 SYSTEMPATH\CodeIgniter.php(896): App\Controllers\UserCrud->index()
 4 SYSTEMPATH\CodeIgniter.php(466): CodeIgniter\CodeIgniter->runController(Object(App\Controllers\UserCrud))
 5 SYSTEMPATH\CodeIgniter.php(349): CodeIgniter\CodeIgniter->handleRequest(null, Object(Config\Cache), false)
 6 FCPATH\index.php(55): CodeIgniter\CodeIgniter->run()
ERROR - 2022-07-10 11:30:34 --> Unknown column 'id' in 'order clause'
CRITICAL - 2022-07-10 11:30:34 --> Call to a member function getResult() on bool
in SYSTEMPATH\Model.php on line 223.
 1 SYSTEMPATH\BaseModel.php(584): CodeIgniter\Model->doFindAll(0, 0)
 2 APPPATH\Controllers\UserCrud.php(10): CodeIgniter\BaseModel->findAll()
 3 SYSTEMPATH\CodeIgniter.php(896): App\Controllers\UserCrud->index()
 4 SYSTEMPATH\CodeIgniter.php(466): CodeIgniter\CodeIgniter->runController(Object(App\Controllers\UserCrud))
 5 SYSTEMPATH\CodeIgniter.php(349): CodeIgniter\CodeIgniter->handleRequest(null, Object(Config\Cache), false)
 6 FCPATH\index.php(55): CodeIgniter\CodeIgniter->run()
ERROR - 2022-07-10 11:32:50 --> Unknown column 'id' in 'order clause'
CRITICAL - 2022-07-10 11:32:50 --> Call to a member function getResult() on bool
in SYSTEMPATH\Model.php on line 223.
 1 SYSTEMPATH\BaseModel.php(584): CodeIgniter\Model->doFindAll(0, 0)
 2 APPPATH\Controllers\UserCrud.php(10): CodeIgniter\BaseModel->findAll()
 3 SYSTEMPATH\CodeIgniter.php(896): App\Controllers\UserCrud->index()
 4 SYSTEMPATH\CodeIgniter.php(466): CodeIgniter\CodeIgniter->runController(Object(App\Controllers\UserCrud))
 5 SYSTEMPATH\CodeIgniter.php(349): CodeIgniter\CodeIgniter->handleRequest(null, Object(Config\Cache), false)
 6 FCPATH\index.php(55): CodeIgniter\CodeIgniter->run()
CRITICAL - 2022-07-10 12:10:13 --> Invalid file: edit_user.php
in SYSTEMPATH\Exceptions\FrameworkException.php on line 33.
 1 SYSTEMPATH\View\View.php(201): CodeIgniter\Exceptions\FrameworkException::forInvalidFile('edit_user.php')
 2 SYSTEMPATH\Common.php(1135): CodeIgniter\View\View->render('edit_user', [], true)
 3 APPPATH\Controllers\UserCrud.php(32): view('edit_user', [...])
 4 SYSTEMPATH\CodeIgniter.php(896): App\Controllers\UserCrud->singleUser('1')
 5 SYSTEMPATH\CodeIgniter.php(466): CodeIgniter\CodeIgniter->runController(Object(App\Controllers\UserCrud))
 6 SYSTEMPATH\CodeIgniter.php(349): CodeIgniter\CodeIgniter->handleRequest(null, Object(Config\Cache), false)
 7 FCPATH\index.php(55): CodeIgniter\CodeIgniter->run()
